Step: build-step-credential-initializer:

Step: build-step-git-source:

Step: build-step-jenkins:

Picked up _JAVA_OPTIONS: -Xmx400m
Started
Running in Durability level: PERFORMANCE_OPTIMIZED
  19.424 [id=23]	WARNING	i.f.k.c.i.VersionUsageUtils#alert: The client is using resource type 'customresourcedefinitions' with unstable version 'v1beta1'
[Pipeline] node
Running on Jenkins in /tmp/jenkinsTests.tmp/jenkins4807188538669790739test/workspace/job
[Pipeline] {
[Pipeline] stage
[Pipeline] { (Declarative: Checkout SCM)
[Pipeline] checkout
[Pipeline] }
[Pipeline] // stage
  28.728 [id=73]	WARNING	o.j.r.u.AnonymousClassWarnings#warn: Attempt to (de-)serialize anonymous class com.cloudbees.plugins.credentials.CredentialsScope$2 in file:/usr/share/jenkins/ref/plugins/credentials/WEB-INF/lib/credentials.jar; see: https://jenkins.io/redirect/serialization-of-anonymous-classes/
[Pipeline] withCredentials
[Pipeline] {
[Pipeline] withEnv
[Pipeline] {
[Pipeline] stage
[Pipeline] { (CI Build and push snapshot)
Stage "CI Build and push snapshot" skipped due to when conditional
[Pipeline] }
[Pipeline] // stage
[Pipeline] stage
[Pipeline] { (Build Release)
[Pipeline] dir
Running in /home/jenkins/go/src/github.com/jstrachan/godemo14
[Pipeline] {
[Pipeline] git
Cloning the remote Git repository
Cloning repository https://github.com/jstrachan/godemo14.git
 > git init /home/jenkins/go/src/github.com/jstrachan/godemo14 # timeout=10
Fetching upstream changes from https://github.com/jstrachan/godemo14.git
 > git --version # timeout=10
 > git fetch --tags --progress https://github.com/jstrachan/godemo14.git +refs/heads/*:refs/remotes/origin/*
 > git config remote.origin.url https://github.com/jstrachan/godemo14.git # timeout=10
 > git config --add remote.origin.fetch +refs/heads/*:refs/remotes/origin/* # timeout=10
 > git config remote.origin.url https://github.com/jstrachan/godemo14.git # timeout=10
Fetching upstream changes from https://github.com/jstrachan/godemo14.git
 > git fetch --tags --progress https://github.com/jstrachan/godemo14.git +refs/heads/*:refs/remotes/origin/*
 > git rev-parse refs/remotes/origin/master^{commit} # timeout=10
 > git rev-parse refs/remotes/origin/origin/master^{commit} # timeout=10
Checking out Revision 9a2e7039781c120c7910d382dd6dc94d086978a2 (refs/remotes/origin/master)
 > git config core.sparsecheckout # timeout=10
 > git checkout -f 9a2e7039781c120c7910d382dd6dc94d086978a2
 > git branch -a -v --no-abbrev # timeout=10
 > git checkout -b master 9a2e7039781c120c7910d382dd6dc94d086978a2
Commit message: "Update main.go"
First time build. Skipping changelog.
[Pipeline] sh
[godemo14] Running shell script
+ jx-release-version
+ echo 0.0.9
[Pipeline] sh
[godemo14] Running shell script
+ cat VERSION
+ jx step tag --version 0.0.9
Tag v0.0.9 created and pushed to remote origin
[Pipeline] sh
[godemo14] Running shell script
+ make build
CGO_ENABLED=0 GO15VENDOREXPERIMENT=1 go build -ldflags '' -o bin/godemo14 main.go
[Pipeline] sh
[godemo14] Running shell script
+ cat VERSION
+ export VERSION=0.0.9
+ skaffold build -f skaffold.yaml
Starting build...
Building [changeme]...
Sending build context to Docker daemon  525.8kBSending build context to Docker daemon  6.497MB
Step 1/4 : FROM scratch
 ---> 
Step 2/4 : EXPOSE 8080
 ---> Using cache
 ---> ef76a0e30ffe
Step 3/4 : ENTRYPOINT /godemo14
 ---> Using cache
 ---> 749996d6b609
Step 4/4 : COPY ./bin/ /
 ---> d3063af151ad
Successfully built d3063af151ad
The push refers to a repository [10.67.242.208:5000/jstrachan/godemo14]
cbca35b75c5f: Preparing
cbca35b75c5f: Pushed
0.0.9: digest: sha256:58fcb6dee89981abe76bb0c697c3f5e16cfeb5d493ef39ed89b868fadd538b85 size: 528
Build complete in 1.518259994s
changeme -> 10.67.242.208:5000/jstrachan/godemo14:0.0.9
[Pipeline] sh
[godemo14] Running shell script
+ cat VERSION
+ jx step post build --image 10.67.242.208:5000/jstrachan/godemo14:0.0.9
no CVE provider running in the current jx namespace so skip adding image to be analysed[Pipeline] }
[Pipeline] // dir
[Pipeline] }
[Pipeline] // stage
[Pipeline] stage
[Pipeline] { (Promote to Environments)
[Pipeline] dir
Running in /home/jenkins/go/src/github.com/jstrachan/godemo14/charts/godemo14
[Pipeline] {
[Pipeline] sh
[godemo14] Running shell script
+ cat ../../VERSION
+ jx step changelog --version v0.0.9
Using batch mode as inside a pipeline
Generating change log from git ref 0a3f42983283ece734d17186bd259fe08ecb7022 => 0f3c53511e74dfaff2d811ba99c5fe279e0f9d3b
Unable to find user: jenkins-x.googlegroups.com -- users.jenkins.io "jenkins-x.googlegroups.com" is forbidden: User "system:serviceaccount:jx:knative-build-bot" cannot get users.jenkins.io in the namespace "jx"
Unable to find user: jenkins-x.googlegroups.com -- users.jenkins.io "jenkins-x.googlegroups.com" is forbidden: User "system:serviceaccount:jx:knative-build-bot" cannot get users.jenkins.io in the namespace "jx"
Finding issues in commit messages using git format
Unable to find user: james.strachan.gmail.com -- users.jenkins.io "james.strachan.gmail.com" is forbidden: User "system:serviceaccount:jx:knative-build-bot" cannot get users.jenkins.io in the namespace "jx"
Unable to find user: noreply.github.com -- users.jenkins.io "noreply.github.com" is forbidden: User "system:serviceaccount:jx:knative-build-bot" cannot get users.jenkins.io in the namespace "jx"
No release found for jstrachan/godemo14 and tag v0.0.9 so creating a new release
Updated the release information at https://github.com/jstrachan/godemo14/releases/tag/v0.0.9
generated: /home/jenkins/go/src/github.com/jstrachan/godemo14/charts/godemo14/templates/release.yaml
Failed to create Release godemo14-0-0-9 in namespace jx: releases.jenkins.io is forbidden: User "system:serviceaccount:jx:knative-build-bot" cannot create releases.jenkins.io in the namespace "jx"
Updating PipelineActivity jstrachan-godemo14-master-1 with version 0.0.9
Updated PipelineActivities jstrachan-godemo14-master-1 with release notes URL: https://github.com/jstrachan/godemo14/releases/tag/v0.0.9
[Pipeline] sh
[godemo14] Running shell script
+ jx step helm release
No $CHART_REPOSITORY defined so using the default value of: http://jenkins-x-chartmuseum:8080
Adding missing Helm repo: jenkins-x http://chartmuseum.jenkins-x.io
Successfully added Helm repository jenkins-x.
Adding missing Helm repo: releases http://jenkins-x-chartmuseum:8080
Successfully added Helm repository releases.
No $CHART_REPOSITORY defined so using the default value of: http://jenkins-x-chartmuseum:8080
Uploading chart file godemo14-0.0.9.tgz to http://jenkins-x-chartmuseum:8080/api/charts
Received 201 response: {"saved":true}
[Pipeline] sh
[godemo14] Running shell script
+ cat ../../VERSION
+ jx promote -b --all-auto --timeout 1h --version 0.0.9
Promoting app godemo14 version 0.0.9 to namespace jx-staging
Created Pull Request: https://github.com/jstrachan/environment-jstrachan-prow8-staging/pull/9

Pull Request https://github.com/jstrachan/environment-jstrachan-prow8-staging/pull/9 is merged at sha bc15466e4ffa7a33365fc380104ef8dc11eb20f1
Merge commit has not yet any statuses on repo jstrachan/environment-jstrachan-prow8-staging merge sha bc15466e4ffa7a33365fc380104ef8dc11eb20f1
error: Timed out waiting for pull request https://github.com/jstrachan/environment-jstrachan-prow8-staging/pull/9 to merge. Waited 1h0m0s
[Pipeline] }
[Pipeline] // dir
[Pipeline] }
[Pipeline] // stage
[Pipeline] }
[Pipeline] // withEnv
[Pipeline] }
[Pipeline] // withCredentials
[Pipeline] }
[Pipeline] // node
[Pipeline] End of Pipeline
ERROR: script returned exit code 1
Finished: FAILURE
